{"uuid":"268a98cb-40b3-4f36-8f98-dfcf73f84173","historyId":"bf60dded4220f8350e8a17ba7d0abbde","labels":[{"name":"feature","value":"Countersigning declaration page for the operator (Verify switched on)"},{"name":"story","value":"Check that verify button is not displayed when Print and sign is selected as an option"},{"name":"tag","value":"SS-Verify-On"},{"name":"tag","value":"OLCS-20343"},{"name":"host","value":"ip-192-168-0-42.eu-west-1.compute.internal"},{"name":"package","value":"Countersigning declaration page for the operator (Verify switched on)"},{"name":"suite","value":"Countersigning declaration page for the operator (Verify switched on)"},{"name":"testClass","value":"Check that verify button is not displayed when Print and sign is selected as an option"},{"name":"thread","value":"1025@ip-192-168-0-42.eu-west-1.compute.internal.main(1)"}],"links":[],"name":"Check that verify button is not displayed when Print and sign is selected as an option","status":"failed","statusDetails":{"known":false,"muted":false,"flaky":false,"message":"Expected condition failed: waiting for presence of element located by: By.xpath: //*[contains(text(),'No')]//*[@name='responsibilities[otherLicencesFieldset][hasOtherLicences]'] (tried for 10 second(s) with 500 MILLISECONDS interval)","trace":"org.openqa.selenium.TimeoutException: Expected condition failed: waiting for presence of element located by: By.xpath: //*[contains(text(),'No')]//*[@name='responsibilities[otherLicencesFieldset][hasOtherLicences]'] (tried for 10 second(s) with 500 MILLISECONDS interval)\n\tat org.openqa.selenium.support.ui.WebDriverWait.timeoutException(WebDriverWait.java:82)\n\tat org.openqa.selenium.support.ui.FluentWait.until(FluentWait.java:231)\n\tat org.dvsa.testing.lib.pages.BasePage.findElement(BasePage.java:614)\n\tat org.dvsa.testing.framework.Journeys.UIJourneySteps.updateTMDetailsAndNavigateToDeclarationsPage(UIJourneySteps.java:602)\n\tat org.dvsa.testing.framework.Journeys.UIJourneySteps.addOperatorAdminAsTransportManager(UIJourneySteps.java:568)\n\tat org.dvsa.testing.framework.stepdefs.TmVerifyDifferentOperator.lambda$new$16(TmVerifyDifferentOperator.java:139)\n\tat âœ½.i add an operator as a transport manager(src/test/resources/parallel/features/tm_verify_check_declarations_text_scenario002_run001_IT.feature:11)\nCaused by: org.openqa.selenium.NoSuchElementException: Cannot locate an element using By.xpath: //*[contains(text(),'No')]//*[@name='responsibilities[otherLicencesFieldset][hasOtherLicences]']\nFor documentation on this error, please visit: http://seleniumhq.org/exceptions/no_such_element.html\nBuild info: version: '3.7.1', revision: '8a0099a', time: '2017-11-06T21:01:39.354Z'\nSystem info: host: 'ip-192-168-0-42.eu-west-1.compute.internal', ip: '192.168.0.42', os.name: 'Mac OS X', os.arch: 'x86_64', os.version: '10.14.2', java.version: '1.8.0_191'\nDriver info: driver.version: unknown\n\tat org.openqa.selenium.support.ui.ExpectedConditions.lambda$findElement$0(ExpectedConditions.java:882)\n\tat java.util.Optional.orElseThrow(Optional.java:290)\n\tat org.openqa.selenium.support.ui.ExpectedConditions.findElement(ExpectedConditions.java:881)\n\tat org.openqa.selenium.support.ui.ExpectedConditions.access$000(ExpectedConditions.java:43)\n\tat org.openqa.selenium.support.ui.ExpectedConditions$6.apply(ExpectedConditions.java:182)\n\tat org.openqa.selenium.support.ui.ExpectedConditions$6.apply(ExpectedConditions.java:179)\n\tat org.openqa.selenium.support.ui.FluentWait.until(FluentWait.java:208)\n\tat org.dvsa.testing.lib.pages.BasePage.findElement(BasePage.java:614)\n\tat org.dvsa.testing.framework.Journeys.UIJourneySteps.updateTMDetailsAndNavigateToDeclarationsPage(UIJourneySteps.java:602)\n\tat org.dvsa.testing.framework.Journeys.UIJourneySteps.addOperatorAdminAsTransportManager(UIJourneySteps.java:568)\n\tat org.dvsa.testing.framework.stepdefs.TmVerifyDifferentOperator.lambda$new$16(TmVerifyDifferentOperator.java:139)\n\tat sun.reflect.NativeMethodAccessorImpl.invoke0(Native Method)\n\tat sun.reflect.NativeMethodAccessorImpl.invoke(NativeMethodAccessorImpl.java:62)\n\tat sun.reflect.DelegatingMethodAccessorImpl.invoke(DelegatingMethodAccessorImpl.java:43)\n\tat java.lang.reflect.Method.invoke(Method.java:498)\n\tat cucumber.runtime.Utils$1.call(Utils.java:31)\n\tat cucumber.runtime.Timeout.timeout(Timeout.java:16)\n\tat cucumber.runtime.Utils.invoke(Utils.java:25)\n\tat cucumber.runtime.java8.Java8StepDefinition.execute(Java8StepDefinition.java:106)\n\tat cucumber.runtime.StepDefinitionMatch.runStep(StepDefinitionMatch.java:40)\n\tat cucumber.api.TestStep.executeStep(TestStep.java:102)\n\tat cucumber.api.TestStep.run(TestStep.java:83)\n\tat cucumber.api.TestCase.run(TestCase.java:58)\n\tat cucumber.runner.Runner.runPickle(Runner.java:80)\n\tat cucumber.runtime.junit.PickleRunners$NoStepDescriptions.run(PickleRunners.java:140)\n\tat cucumber.runtime.junit.FeatureRunner.runChild(FeatureRunner.java:68)\n\tat cucumber.runtime.junit.FeatureRunner.runChild(FeatureRunner.java:23)\n\tat org.junit.runners.ParentRunner$3.run(ParentRunner.java:290)\n\tat org.junit.runners.ParentRunner$1.schedule(ParentRunner.java:71)\n\tat org.junit.runners.ParentRunner.runChildren(ParentRunner.java:288)\n\tat org.junit.runners.ParentRunner.access$000(ParentRunner.java:58)\n\tat org.junit.runners.ParentRunner$2.evaluate(ParentRunner.java:268)\n\tat org.junit.runners.ParentRunner.run(ParentRunner.java:363)\n\tat cucumber.runtime.junit.FeatureRunner.run(FeatureRunner.java:73)\n\tat cucumber.api.junit.Cucumber.runChild(Cucumber.java:118)\n\tat cucumber.api.junit.Cucumber.runChild(Cucumber.java:56)\n\tat org.junit.runners.ParentRunner$3.run(ParentRunner.java:290)\n\tat org.junit.runners.ParentRunner$1.schedule(ParentRunner.java:71)\n\tat org.junit.runners.ParentRunner.runChildren(ParentRunner.java:288)\n\tat org.junit.runners.ParentRunner.access$000(ParentRunner.java:58)\n\tat org.junit.runners.ParentRunner$2.evaluate(ParentRunner.java:268)\n\tat cucumber.api.junit.Cucumber$1.evaluate(Cucumber.java:127)\n\tat org.junit.runners.ParentRunner.run(ParentRunner.java:363)\n\tat org.apache.maven.surefire.junit4.JUnit4Provider.execute(JUnit4Provider.java:365)\n\tat org.apache.maven.surefire.junit4.JUnit4Provider.executeWithRerun(JUnit4Provider.java:290)\n\tat org.apache.maven.surefire.junit4.JUnit4Provider.executeTestSet(JUnit4Provider.java:238)\n\tat org.apache.maven.surefire.junit4.JUnit4Provider.invoke(JUnit4Provider.java:159)\n\tat org.apache.maven.surefire.booter.ForkedBooter.invokeProviderInSameClassLoader(ForkedBooter.java:383)\n\tat org.apache.maven.surefire.booter.ForkedBooter.runSuitesInProcess(ForkedBooter.java:344)\n\tat org.apache.maven.surefire.booter.ForkedBooter.execute(ForkedBooter.java:125)\n\tat org.apache.maven.surefire.booter.ForkedBooter.main(ForkedBooter.java:417)\n"},"stage":"finished","start":1548266960383,"stop":1548267024080,"steps":[{"name":"Given  verify has been switched \"On\"","status":"passed","stage":"finished","start":1548266960383,"stop":1548266960838},{"name":"When  i have a \"goods\" \"NI\" partial application","status":"passed","stage":"finished","start":1548266960838,"stop":1548266985627},{"name":"And  i add an operator as a transport manager","status":"failed","stage":"finished","start":1548266985628,"stop":1548267024079},{"name":"And  the user chooses to print and sign","status":"skipped","stage":"finished","start":1548267024079,"stop":1548267024079},{"name":"Then  the declaration text and verify button are not displayed","status":"skipped","stage":"finished","start":1548267024079,"stop":1548267024079}]}